<?xml version="1.0" encoding="UTF-8"?>
<!-- Generated by org.testng.reporters.JUnitReportReporter -->
<testsuite hostname="NB-124" failures="0" tests="1" name="runners.TestNGRunner" time="55.011" errors="0" timestamp="2024-12-19T15:50:40 ART" skipped="0">
  <testcase classname="runners.TestNGRunner" name="runScenario" time="55.011"/>
</testsuite> <!-- runners.TestNGRunner -->
